make.exe all --print-data-base --no-builtin-variables --no-builtin-rules --question
# GNU Make 3.82.90
# Built for i686-pc-mingw32
# Copyright (C) 1988-2012 Free Software Foundation, Inc.
# License GPLv3+: GNU GPL version 3 or later <http://gnu.org/licenses/gpl.html>
# This is free software: you are free to change and redistribute it.
# There is NO WARRANTY, to the extent permitted by law.
 
go: warning: "codeup.aliyun.com/625e2dd5594c6cca64844075/go-resftful-api/..." matched no packages


# Make data base, printed on Wed Jul 20 09:42:30 2022

# Variables

# environment
POWERSHELL_DISTRIBUTION_CHANNEL = MSI:Windows 10 Pro
# automatic
?F = $(notdir $?)
# automatic
<D = $(patsubst %/,%,$(patsubst %\,%,$(dir $<)))
# environment
VSCODE_CODE_CACHE_PATH = C:\Users\baber\AppData\Roaming\Code\CachedData\3b889b090b5ad5793f524b5d1d39fda662b96a2a
# default
.SHELLFLAGS := -c
# makefile (from 'Makefile', line 2)
MAIN_FILE = main.go
# makefile
MAKEFLAGS = Rrqp
# automatic
?D = $(patsubst %/,%,$(patsubst % 
\,%,$(dir $?)))
# automatic
@D = $(patsubst %/,%,$(patsubst %\,%,$(dir $@)))
# environment
HOMEDRIVE = C:
# automatic
@F = $(notdir $@)
# automatic
^D = $(patsubst %/,%,$(patsubst %\,%,$(dir $^)))
# makefile
CURDIR := e:/go_project/go-restful-api
# default
SHELL := C:/Program Files/Git/usr/bin/sh.exe
# environment
WINDIR = C:\WINDOWS
# environment
VSCODE_NLS_CONFIG = {"locale":"zh-cn","availableLanguages":{"*":"zh-cn"},"_languagePackId":"1d735750dbb1b9066c7513078396ba0f.zh-cn","_translationsConfigFile":"C:\\Users\\baber\\AppData\\Roaming\\Code\\clp\\1d735750dbb1b9066c7513078396ba0f.zh-cn\\tcf.json","_cacheRoot":"C:\\Users\\baber\\AppData\\Roaming\\Code\\clp\\1d735750dbb1b9066c7513078396ba0f.zh-cn","_resolvedLanguagePackCoreLocation":"C:\\Users\\baber\\AppData\\Roaming\\Code\\clp\\1d735750dbb1b9066c7513078396ba0f.zh-cn\\3b889b090b5ad5793f524b5d1d39fda662b96a2a","_corruptedFile":"C:\\Users\\baber\\AppData\\Roaming\\Code\\clp\\1d735750dbb1b9066c7513078396ba0f.zh-cn\\corrupted.info","_languagePackSupport":true}
# environment
_ = E:/Microsoft VS Code/Code.exe
# environment
ONEDRIVE = C:\Users\baber\OneDrive
# environment
PATHEXT = .COM;.EXE;.BAT;.CMD;.VBS;.VBE;.JS;.JSE;.WSF;.WSH;.MSC
# makefile (from 'Makefile', line 1)
MAKEFILE_LIST :=  Makefile
# environment
GO111MODULE = on
# environment
TMP = C:\Users\baber\AppData\Local\Temp
# environment
TOOLBOX_VERSION = 1.25.12424
# environment
VSCODE_AMD_ENTRYPOINT = vs/workbench/api/node/extensionHostProcess
# environment
PROGRAMW6432 = C:\Program Files
# environment
PROGRAMDATA = C:\ProgramData
# environment
VSCODE_CWD = E:\go_project\rpc-g7
# environment
GOPROXY = https://goproxy.cn
# environment
_INTELLIJ_FORCE_SET_GOROOT = E:/Go
# environment
PATH = E:\Go\bin;C:\Program Files\Git\mingw64\bin;C:\Program Files\Git\usr\bin;C:\Users\baber\bin;E:\go_project\bin;C:\WINDOWS\system32;C:\WINDOWS;C:\WINDOWS\System32\Wbem;C:\WINDOWS\System32\WindowsPowerShell\v1.0;C:\WINDOWS\System32\OpenSSH;C:\Program Files\Docker\Docker\resources\bin;C:\ProgramData\DockerDesktop\version-bin;C:\Program Files\Git\cmd;E:\PHP\8.1.7;E:\ComposerSetup;C:\Program Files\PowerShell\7;C:\Users\baber\AppData\Local\Microsoft\WindowsApps;C:\Users\baber\AppData\Roaming\Composer\vendor\bin;C:\Users\baber\AppData\Local\JetBrains\Toolbox\scripts;E:\protoc-21.2\bin;C:\Users\baber\go\bin;C:\MinGW\bin;E:\Microsoft VS Code\bin
# environment
COMMONPROGRAMW6432 = C:\Program Files\Common Files
# environment
LC_ALL = C
# environment
PROCESSOR_ARCHITECTURE = x86
# environment
USERPROFILE = C:\Users\baber
# environment
EXEPATH = C:\Program Files\Git\bin
# environment
ALLUSERSPROFILE = C:\ProgramData
# environment
GOPATH = E:\go_project
# makefile (from 'Makefile', line 5)
PKG_LIST := 
# environment
PLINK_PROTOCOL = ssh
# environment
NUMBER_OF_PROCESSORS = 12
# environment
ELECTRON_RUN_AS_NODE = 1
# default
.FEATURES := target-specific order-only second-expansion else-if shortest-stem undefine oneshell archives jobserver
# automatic
%F = $(notdir $%)
# environment
CHROME_CRASHPAD_PIPE_NAME = \\.\pipe\crashpad_21804_NYGUIGVXBUGNXINP
# environment
_INTELLIJ_FORCE_PREPEND_PATH = E:\Go\bin;E:\go_project\bin;
# environment
COMPUTERNAME = DESKTOP-0ANGR2F
# environment
PWD = E:/go_project/rpc-g7
# makefile (from 'Makefile', line 4)
MOD_DIR := E:\Go\pkg\mod
# environment
PROGRAMFILES = C:\Program Files (x86)
# environment
DRIVERDATA = C:\Windows\System32\Drivers\DriverData
# makefile (from 'Makefile', line 3)
PKG := "codeup.aliyun.com/625e2dd5594c6cca64844075/go-resftful-api"
# environment
ORIGINAL_XDG_CURRENT_DESKTOP = undefined
# environment
USERNAME = baber
# environment
PUBLIC = C:\Users\Public
# environment
GOMODCACHE = E:\Go\pkg\mod
# environment
HOME = C:\Users\baber
# environment
TERMINAL_EMULATOR = JetBrains-JediTerm
# environment
VSCODE_CLI = 1
# environment
IDEA_INITIAL_DIRECTORY = C:\Users\baber\AppData\Local\JetBrains\Toolbox\apps\Goland\ch-0\221.5921.26\bin
# environment
APPLICATION_INSIGHTS_NO_DIAGNOSTIC_CHANNEL = true
# environment
COMMONPROGRAMFILES = C:\Program Files (x86)\Common Files
# environment
LOGONSERVER = \\DESKTOP-0ANGR2F
# environment
ONEDRIVECONSUMER = C:\Users\baber\OneDrive
# environment
VSCODE_HANDLES_UNCAUGHT_ERRORS = true
# environment
USERDOMAIN = DESKTOP-0ANGR2F
# environment
MAKELEVEL := 0
# default
MAKE = $(MAKE_COMMAND)
# default
MAKECMDGOALS := all
# environment
SHLVL = 2
# environment
TERM_SESSION_ID = 2bcc3d3c-3884-4ea6-b41d-6314471e186e
# default
MAKE_VERSION := 3.82.90
# makefile
.DEFAULT_GOAL := all
# environment
GOROOT = E:/Go
# environment
PROGRAMFILES(X86) = C:\Program Files (x86)
# automatic
%D = $(patsubst %/,%,$(patsubst %\,%,$(dir $%)))
# environment
LOCALAPPDATA = C:\Users\baber\AppData\Local
# environment
PSMODULEPATH = %ProgramFiles%\WindowsPowerShell\Modules;C:\WINDOWS\system32\WindowsPowerShell\v1.0\Modules
# default
MAKE_COMMAND := make.exe
# environment
PROCESSOR_ARCHITEW6432 = AMD64
# environment
OLDPWD = E:/go_project
# default
.VARIABLES := 
# automatic
*F = $(notdir $*)
# environment
PROCESSOR_IDENTIFIER = Intel64 Family 6 Model 165 Stepping 3, GenuineIntel
# environment
OS = Window 
s_NT
# environment
VSCODE_IPC_HOOK = \\.\pipe\04294d520fd0a1a4233eb8758d6a005e-1.69.2-main-sock
# environment
HOMEPATH = \Users\baber
# environment
COMMONPROGRAMFILES(X86) = C:\Program Files (x86)\Common Files
# environment
PROMPT = $P$G
# environment
MFLAGS = -Rrqp
# automatic
*D = $(patsubst %/,%,$(patsubst %\,%,$(dir $*)))
# environment
SYSTEMROOT = C:\WINDOWS
# automatic
+D = $(patsubst %/,%,$(patsubst %\,%,$(dir $+)))
# automatic
+F = $(notdir $+)
# environment
_INTELLIJ_FORCE_SET_GO111MODULE = on
# environment
APPDATA = C:\Users\baber\AppData\Roaming
# environment
TEMP = C:\Users\baber\AppData\Local\Temp
# environment
COMSPEC = C:\WINDOWS\system32\cmd.exe
# environment
__INTELLIJ_COMMAND_HISTFILE__ = C:\Users\baber\AppData\Local\JetBrains\GoLand2022.1\terminal\history\go-course-history10
# environment
MSYSTEM = MINGW64
# default
MAKEFILES := 
# automatic
<F = $(notdir $<)
# makefile (from 'Makefile', line 1)
PROJECT_NAME = go-resftful-api
# environment
ELECTRON_NO_ATTACH_CONSOLE = 1
# automatic
^F = $(notdir $^)
# makefile (from 'Makefile', line 6)
GO_FILES := ./app/all/impl.go ./app/app.go ./app/book/app.go ./app/host/app.go ./app/host/http/host.go ./app/host/http/http.go ./app/host/impl/dao.go ./app/host/impl/host.go ./app/host/impl/mysql.go ./app/host/impl/sql.go ./app/host/interface.go ./app/host/model.go ./cmd/root.go ./cmd/start.go ./conf/app.go ./conf/config.go ./conf/load.go ./conf/log.go ./conf/mysql.go ./main.go ./protocol/grpc.go ./protocol/http.go ./version/version.go
# default
SUFFIXES := 
# environment
SYSTEMDRIVE = C:
# environment
SESSIONNAME = Console
# environment
PROCESSOR_REVISION = a503
# default
.INCLUDE_DIRS = C:/MinGW/include
# environment
_INTELLIJ_FORCE_SET_GOPATH = E:\go_project
# default
.RECIPEPREFIX := 
# environment
LANG = C
# environment
PROCESSOR_LEVEL = 6
# environment
TERM = xterm-256color
# environment
VSCODE_PID = 21804
# environment
USERDOMAIN_ROAMINGPROFILE = DESKTOP-0ANGR2F
# variable set hash-table stats:
# Load=117/1024=11%, Rehash=0, Collisions=19/152=12%

# Pattern-specific Variable Values

# No pattern-specific variable values.

# Directories

# C:\Program Files\Git\usr\bin (key C:/Program Files/Git/usr/bin, mtime 1657785146): 307 files, no impossibilities so far.
# . (key e:/go_project/go-restful-api, mtime 1657853945): 18 files, no impossibilities.
# C:\Program Files\Git\mingw64\bin (key C:/Program Files/Git/mingw64/bin, mtime 1656745688): 143 files, no impossibilities.
# E:\Go\bin (key E:/Go/bin, mtime 1657789144): 7 files, no impossibilities.

# 475 files, no i 
mpossibilities in 4 directories.

# Implicit Rules

# No implicit rules.

# Files

all: build
#  Phony target (prerequisite of .PHONY).
#  Command line target.
#  Implicit rule search has not been done.
#  File does not exist.
#  File has been updated.
#  Needs to be updated (-q is set).
# variable set hash-table stats:
# Load=0/32=0%, Rehash=0, Collisions=0/3=0%

.PHONY: all dep lint vet test test-coverage build clean
#  Implicit rule search has not been done.
#  Modification time never checked.
#  File has not been updated.

test-coverage:
#  Phony target (prerequisite of .PHONY).
#  Implicit rule search has not been done.
#  File does not exist.
#  File has not been updated.
#  recipe to execute (from 'Makefile', line 25):
	@go test -short -coverprofile cover.out -covermode=atomic ${PKG_LIST}
	@cat cover.out >> coverage.txt

# Not a target:
.SUFFIXES:
#  Implicit rule search has not been done.
#  Modification time never checked.
#  File has not been updated.

push:
#  Implicit rule search has not been done.
#  Modification time never checked.
#  File has not been updated.
#  recipe to execute (from 'Makefile', line 41):
	@git push -u gitee
	@git push -u origin

# Not a target:
Makefile:
#  Implicit rule search has been done.
#  Last modified 2022-07-20 09:42:29
#  File has been updated.
#  Successfully updated.

test:
#  Phony target (prerequisite of .PHONY).
#  Implicit rule search has not been done.
#  File does not exist.
#  File has not been updated.
#  recipe to execute (from 'Makefile', line 22):
	@go  
test -short ${PKG_LIST}

dep:
#  Phony target (prerequisite of .PHONY).
#  Implicit rule search has not been done.
#  Implicit/static pattern stem: ''
#  File does not exist.
#  File has been updated.
#  Needs to be updated (-q is set).
# automatic
# @ := dep
# automatic
# % := 
# automatic
# * := 
# automatic
# + := 
# automatic
# | := 
# automatic
# < := 
# automatic
# ^ := 
# automatic
# ? := 
# variable set hash-table stats:
# Load=8/32=25%, Rehash=0, Collisions=1/11=9%
#  recipe to execute (from 'Makefile', line 13):
	@go mod tidy

build: dep
#  Phony target (prerequisite of .PHONY).
#  Implicit rule search has not been done.
#  File does not exist.
#  File has been updated.
#  Needs to be updated (-q is set).
# variable set hash-table stats:
# Load=0/32=0%, Rehash=0, Collisions=0/3=0%
#  recipe to execute (from 'Makefile', line 29):
	@go build -ldflags "-s -w" -o dist/demo-api $(MAIN_FILE)

vet:
#  Phony target (prerequisite of .PHONY).
#  Implicit rule search has not been done.
#  File does not exist.
#  File has not been updated.
#  recipe to execute (from 'Makefile', line 19):
	@go vet ${PKG_LIST}

help:
#  Implicit rule search has not been done.
#  Modification time never checked.
#  File has not been updated.
#  recipe to execute (from 'Makefile', line 45):
	@grep -h -E '^[a-zA-Z_-]+:.*?## .*$$' $(MAKEFILE_LIST) | awk 'BEGIN {FS = ":.*?## "}; {printf "\033[36m%-30s\033[0m %s\n", $$1, $$2}'

# Not a target:
.DEFAULT:
#  Implicit rule search has not been done.
#  Modification time never checked.
#  File has not been updated.

run:
#  Implicit rule search has not been done.
#  Modification time never checked.
#  File has not been updated.
#  recipe to execute (from 'Makefile', line 35):
	@go run $(MAIN_FILE) start -f etc/demo.toml

clean:
#  Phony target (prerequisite of .PHONY).
#  Implicit rule search has not been done.
#  File does not exist.
#  File has not been updated.
#  recipe to execute (from 'Makefile', line 38):
	@rm -f dist/*

linux: dep
#  Implicit rule search has not been done.
#  Modificati 
on time never checked.
#  File has not been updated.
#  recipe to execute (from 'Makefile', line 32):
	@GOOS=linux GOARCH=amd64 go build -ldflags "-s -w" -o dist/demo-api $(MAIN_FILE)

lint:
#  Phony target (prerequisite of .PHONY).
#  Implicit rule search has not been done.
#  File does not exist.
#  File has not been updated.
#  recipe to execute (from 'Makefile', line 16):
	@golint -set_exit_status ${PKG_LIST}

# files hash-table stats:
# Load=16/1024=2%, Rehash=0, Collisions=0/46=0%
# VPATH Search Paths

# No 'vpath' search paths.

# No general ('VPATH' variable) search path.

# strcache buffers: 1 (0) / strings = 469 / storage = 6370 B / avg = 13 B
# current buf: size = 8174 B / used = 6370 B / count = 469 / avg = 13 B

# strcache performance: lookups = 523 / hit rate = 10%
# hash-table stats:
# Load=469/8192=6%, Rehash=0, Collisions=25/523=5%
# Finished Make data base on Wed Jul 20 09:42:30 2022

 
